<?xml version="1.0" encoding="UTF-8"?>
<!-- Generated by org.testng.reporters.JUnitXMLReporter -->
<testsuite ignored="0" hostname="Eric" failures="0" tests="2" name="Error Validation Test" time="20.468" errors="0" timestamp="01 May 2024 13:07:19 GMT">
  <testcase classname="ericwin.tests.ErrorValidationsTest" name="loginErrorValidation" time="1.115"/>
  <testcase classname="ericwin.tests.ErrorValidationsTest" name="productErrorValidation" time="3.901"/>
</testsuite> <!-- Error Validation Test -->
