<?xml version="1.0" encoding="UTF-8"?>
<!-- Generated by org.testng.reporters.JUnitXMLReporter -->
<testsuite ignored="0" hostname="Eric" failures="0" tests="3" name="Submit Order Test" time="31.565" errors="0" timestamp="01 May 2024 13:07:30 GMT">
  <testcase classname="ericwin.tests.SubmitOrderTest" name="submitOrder" time="5.718"/>
  <testcase classname="ericwin.tests.SubmitOrderTest" name="submitOrder" time="4.513"/>
  <testcase classname="ericwin.tests.SubmitOrderTest" name="orderHistoryTest" time="0.957"/>
</testsuite> <!-- Submit Order Test -->
